0 info it worked if it ends with ok
1 verbose cli [ 'node',
1 verbose cli   '/usr/local/bin/npm',
1 verbose cli   'install',
1 verbose cli   '-g',
1 verbose cli   '--save-dev',
1 verbose cli   'gulp-tiny-lr' ]
2 info using npm@1.4.28
3 info using node@v0.10.32
4 verbose cache add [ 'gulp-tiny-lr', null ]
5 verbose cache add name=undefined spec="gulp-tiny-lr" args=["gulp-tiny-lr",null]
6 verbose parsed url { protocol: null,
6 verbose parsed url   slashes: null,
6 verbose parsed url   auth: null,
6 verbose parsed url   host: null,
6 verbose parsed url   port: null,
6 verbose parsed url   hostname: null,
6 verbose parsed url   hash: null,
6 verbose parsed url   search: null,
6 verbose parsed url   query: null,
6 verbose parsed url   pathname: 'gulp-tiny-lr',
6 verbose parsed url   path: 'gulp-tiny-lr',
6 verbose parsed url   href: 'gulp-tiny-lr' }
7 silly lockFile 0293b032-gulp-tiny-lr gulp-tiny-lr
8 verbose lock gulp-tiny-lr /Users/mirajo/.npm/0293b032-gulp-tiny-lr.lock
9 silly lockFile 0293b032-gulp-tiny-lr gulp-tiny-lr
10 silly lockFile 0293b032-gulp-tiny-lr gulp-tiny-lr
11 verbose addNamed [ 'gulp-tiny-lr', '' ]
12 verbose addNamed [ null, '*' ]
13 silly lockFile d27f23ee-gulp-tiny-lr gulp-tiny-lr@
14 verbose lock gulp-tiny-lr@ /Users/mirajo/.npm/d27f23ee-gulp-tiny-lr.lock
15 silly addNameRange { name: 'gulp-tiny-lr', range: '*', hasData: false }
16 verbose request where is /gulp-tiny-lr
17 verbose request registry https://registry.npmjs.org/
18 verbose request id cc62ce9c146ede59
19 verbose url raw /gulp-tiny-lr
20 verbose url resolving [ 'https://registry.npmjs.org/', './gulp-tiny-lr' ]
21 verbose url resolved https://registry.npmjs.org/gulp-tiny-lr
22 verbose request where is https://registry.npmjs.org/gulp-tiny-lr
23 info trying registry request attempt 1 at 13:15:04
24 http GET https://registry.npmjs.org/gulp-tiny-lr
25 http 404 https://registry.npmjs.org/gulp-tiny-lr
26 verbose headers { date: 'Mon, 29 Sep 2014 17:15:07 GMT',
26 verbose headers   server: 'CouchDB/1.5.0 (Erlang OTP/R16B03)',
26 verbose headers   'content-type': 'application/json',
26 verbose headers   'cache-control': 'max-age=0',
26 verbose headers   'content-length': '52',
26 verbose headers   'accept-ranges': 'bytes',
26 verbose headers   via: '1.1 varnish',
26 verbose headers   age: '0',
26 verbose headers   'x-served-by': 'cache-dfw1822-DFW',
26 verbose headers   'x-cache': 'MISS',
26 verbose headers   'x-cache-hits': '0',
26 verbose headers   'x-timer': 'S1412010907.056456,VS0,VE66',
26 verbose headers   'keep-alive': 'timeout=10, max=50',
26 verbose headers   connection: 'Keep-Alive' }
27 silly registry.get cb [ 404,
27 silly registry.get   { date: 'Mon, 29 Sep 2014 17:15:07 GMT',
27 silly registry.get     server: 'CouchDB/1.5.0 (Erlang OTP/R16B03)',
27 silly registry.get     'content-type': 'application/json',
27 silly registry.get     'cache-control': 'max-age=0',
27 silly registry.get     'content-length': '52',
27 silly registry.get     'accept-ranges': 'bytes',
27 silly registry.get     via: '1.1 varnish',
27 silly registry.get     age: '0',
27 silly registry.get     'x-served-by': 'cache-dfw1822-DFW',
27 silly registry.get     'x-cache': 'MISS',
27 silly registry.get     'x-cache-hits': '0',
27 silly registry.get     'x-timer': 'S1412010907.056456,VS0,VE66',
27 silly registry.get     'keep-alive': 'timeout=10, max=50',
27 silly registry.get     connection: 'Keep-Alive' } ]
28 silly lockFile d27f23ee-gulp-tiny-lr gulp-tiny-lr@
29 silly lockFile d27f23ee-gulp-tiny-lr gulp-tiny-lr@
30 error 404 404 Not Found: gulp-tiny-lr
30 error 404
30 error 404 'gulp-tiny-lr' is not in the npm registry.
30 error 404 You should bug the author to publish it
30 error 404
30 error 404 Note that you can also install from a
30 error 404 tarball, folder, or http url, or git url.
31 error System Darwin 13.4.0
32 error command "node" "/usr/local/bin/npm" "install" "-g" "--save-dev" "gulp-tiny-lr"
33 error cwd /Applications/MAMP/htdocs/FSU/FWF/wk3/coffeescript
34 error node -v v0.10.32
35 error npm -v 1.4.28
36 error code E404
37 verbose exit [ 1, true ]
